<?xml version="1.0" encoding="UTF-8"?>
<testng-results skipped="0" failed="0" ignored="0" total="1" passed="1">
  <reporter-output>
  </reporter-output>
  <suite name="netbanking" duration-ms="56665" started-at="2020-12-12T11:36:26Z" finished-at="2020-12-12T11:37:22Z">
    <groups>
    </groups>
    <test name="BankingApp Test" duration-ms="56665" started-at="2020-12-12T11:36:26Z" finished-at="2020-12-12T11:37:22Z">
      <class name="com.netbanking.testCases.TC_AddCustomerTest_003">
        <test-method status="PASS" signature="setup(java.lang.String)[pri:0, instance:com.netbanking.testCases.TC_AddCustomerTest_003@48524010]" name="setup" is-config="true" duration-ms="38172" started-at="2020-12-12T11:36:26Z" finished-at="2020-12-12T11:37:04Z">
          <params>
            <param index="0">
              <value>
                <![CDATA[chrome]]>
              </value>
            </param>
          </params>
          <reporter-output>
          </reporter-output>
        </test-method> <!-- setup -->
        <test-method status="PASS" signature="addNewCustomer()[pri:0, instance:com.netbanking.testCases.TC_AddCustomerTest_003@48524010]" name="addNewCustomer" duration-ms="17522" started-at="2020-12-12T11:37:04Z" finished-at="2020-12-12T11:37:22Z">
          <reporter-output>
          </reporter-output>
        </test-method> <!-- addNewCustomer -->
        <test-method status="PASS" signature="cleanup()[pri:0, instance:com.netbanking.testCases.TC_AddCustomerTest_003@48524010]" name="cleanup" is-config="true" duration-ms="637" started-at="2020-12-12T11:37:22Z" finished-at="2020-12-12T11:37:22Z">
          <reporter-output>
          </reporter-output>
        </test-method> <!-- cleanup -->
      </class> <!-- com.netbanking.testCases.TC_AddCustomerTest_003 -->
    </test> <!-- BankingApp Test -->
  </suite> <!-- netbanking -->
</testng-results>
